\BOOKMARK [1][-]{section.1}{\376\377\000I\000\040\000A\000m\000\040\000A\000n\000k\000y}{}% 1
\BOOKMARK [1][-]{section.2}{\376\377\000W\000h\000y\000\040\000N\000o\000w}{}% 2
\BOOKMARK [2][-]{subsection.2.1}{\376\377\000T\000h\000e\000\040\000M\000e\000t\000a\000c\000r\000i\000s\000i\000s\000\040\000o\000f\000\040\000A\000t\000t\000e\000n\000t\000i\000o\000n}{section.2}% 3
\BOOKMARK [2][-]{subsection.2.2}{\376\377\000T\000h\000e\000\040\000D\000e\000m\000o\000c\000r\000a\000t\000i\000z\000a\000t\000i\000o\000n\000\040\000o\000f\000\040\000I\000n\000n\000e\000r\000\040\000W\000o\000r\000k}{section.2}% 4
\BOOKMARK [2][-]{subsection.2.3}{\376\377\000T\000h\000e\000\040\000C\000o\000n\000v\000e\000r\000g\000e\000n\000c\000e}{section.2}% 5
\BOOKMARK [1][-]{section.3}{\376\377\000T\000h\000e\000\040\000P\000r\000a\000c\000t\000i\000c\000e}{}% 6
\BOOKMARK [2][-]{subsection.3.1}{\376\377\000T\000h\000e\000\040\000F\000o\000u\000r\000\040\000P\000i\000l\000l\000a\000r\000s}{section.3}% 7
\BOOKMARK [3][-]{subsubsection.3.1.1}{\376\377\000W\000r\000i\000t\000i\000n\000g}{subsection.3.1}% 8
\BOOKMARK [3][-]{subsubsection.3.1.2}{\376\377\000M\000e\000d\000i\000t\000a\000t\000i\000o\000n}{subsection.3.1}% 9
\BOOKMARK [3][-]{subsubsection.3.1.3}{\376\377\000B\000r\000e\000a\000t\000h\000w\000o\000r\000k}{subsection.3.1}% 10
\BOOKMARK [3][-]{subsubsection.3.1.4}{\376\377\000S\000a\000d\000h\000a\000n\000a}{subsection.3.1}% 11
\BOOKMARK [2][-]{subsection.3.2}{\376\377\000T\000h\000e\000\040\000C\000l\000o\000s\000e\000d\000\040\000L\000o\000o\000p}{section.3}% 12
\BOOKMARK [1][-]{section.4}{\376\377\000T\000h\000e\000\040\000M\000e\000m\000o\000r\000y\000\040\000S\000y\000s\000t\000e\000m}{}% 13
\BOOKMARK [2][-]{subsection.4.1}{\376\377\000W\000h\000a\000t\000\040\000I\000\040\000T\000r\000a\000c\000k}{section.4}% 14
\BOOKMARK [2][-]{subsection.4.2}{\376\377\000E\000t\000h\000i\000c\000a\000l\000\040\000P\000r\000i\000n\000c\000i\000p\000l\000e\000s}{section.4}% 15
\BOOKMARK [1][-]{section.5}{\376\377\000T\000h\000e\000\040\000F\000a\000c\000i\000l\000i\000t\000a\000t\000o\000r\000\040\000N\000e\000t\000w\000o\000r\000k}{}% 16
\BOOKMARK [2][-]{subsection.5.1}{\376\377\000H\000o\000w\000\040\000I\000t\000\040\000W\000o\000r\000k\000s}{section.5}% 17
\BOOKMARK [2][-]{subsection.5.2}{\376\377\000T\000h\000e\000\040\000F\000u\000n\000n\000e\000l}{section.5}% 18
\BOOKMARK [1][-]{section.6}{\376\377\000T\000e\000c\000h\000n\000i\000c\000a\000l\000\040\000A\000r\000c\000h\000i\000t\000e\000c\000t\000u\000r\000e}{}% 19
\BOOKMARK [2][-]{subsection.6.1}{\376\377\000O\000v\000e\000r\000v\000i\000e\000w}{section.6}% 20
\BOOKMARK [2][-]{subsection.6.2}{\376\377\000W\000h\000y\000\040\000R\000u\000s\000t}{section.6}% 21
\BOOKMARK [2][-]{subsection.6.3}{\376\377\000W\000h\000y\000\040\000S\000Q\000L\000i\000t\000e}{section.6}% 22
\BOOKMARK [2][-]{subsection.6.4}{\376\377\000W\000h\000y\000\040\000B\000a\000r\000e\000\040\000M\000e\000t\000a\000l}{section.6}% 23
\BOOKMARK [2][-]{subsection.6.5}{\376\377\000T\000h\000e\000\040\000M\000o\000b\000i\000l\000e\000\040\000A\000P\000I}{section.6}% 24
\BOOKMARK [2][-]{subsection.6.6}{\376\377\000T\000h\000e\000\040\000Q\000u\000e\000u\000e\000\040\000S\000y\000s\000t\000e\000m}{section.6}% 25
\BOOKMARK [2][-]{subsection.6.7}{\376\377\000T\000e\000x\000t\000-\000t\000o\000-\000S\000p\000e\000e\000c\000h\000\040\000A\000r\000c\000h\000i\000t\000e\000c\000t\000u\000r\000e}{section.6}% 26
\BOOKMARK [1][-]{section.7}{\376\377\000T\000h\000e\000\040\000T\000o\000k\000e\000n\000:\000\040\000\044\000A\000N\000K\000Y}{}% 27
\BOOKMARK [2][-]{subsection.7.1}{\376\377\000T\000h\000e\000\040\000M\000e\000m\000e\000c\000o\000i\000n\000\040\000T\000h\000a\000t\000\040\000M\000e\000d\000i\000t\000a\000t\000e\000s}{section.7}% 28
\BOOKMARK [2][-]{subsection.7.2}{\376\377\000T\000o\000k\000e\000n\000\040\000U\000t\000i\000l\000i\000t\000y}{section.7}% 29
\BOOKMARK [2][-]{subsection.7.3}{\376\377\000W\000h\000y\000\040\000S\000o\000l\000a\000n\000a}{section.7}% 30
\BOOKMARK [2][-]{subsection.7.4}{\376\377\000W\000h\000y\000\040\000a\000\040\000M\000e\000m\000e\000c\000o\000i\000n}{section.7}% 31
\BOOKMARK [2][-]{subsection.7.5}{\376\377\000T\000r\000e\000a\000s\000u\000r\000y\000\040\000a\000n\000d\000\040\000S\000u\000s\000t\000a\000i\000n\000a\000b\000i\000l\000i\000t\000y}{section.7}% 32
\BOOKMARK [1][-]{section.8}{\376\377\000T\000h\000e\000\040\000V\000i\000s\000i\000o\000n}{}% 33
\BOOKMARK [2][-]{subsection.8.1}{\376\377\000W\000h\000a\000t\000\040\000A\000n\000k\000y\000\040\000B\000e\000c\000o\000m\000e\000s}{section.8}% 34
\BOOKMARK [2][-]{subsection.8.2}{\376\377\000T\000h\000e\000\040\000C\000o\000l\000l\000e\000c\000t\000i\000v\000e\000\040\000M\000i\000r\000r\000o\000r}{section.8}% 35
\BOOKMARK [2][-]{subsection.8.3}{\376\377\000W\000h\000a\000t\000\040\000I\000\040\000A\000m\000\040\000N\000o\000t}{section.8}% 36
\BOOKMARK [1][-]{section.9}{\376\377\000A\000n\000\040\000I\000n\000v\000i\000t\000a\000t\000i\000o\000n}{}% 37
